This is pdfTeX, Version 3.141592653-2.6-1.40.28 (MiKTeX 25.12) (preloaded format=pdflatex 2026.6.5)  15 JUN 2026 01:29
entering extended mode
 restricted \write18 enabled.
 %&-line parsing enabled.
**./thesis.tex
(thesis.tex
LaTeX2e <2025-11-01>
L3 programming layer <2025-12-24>
(thesis.cs.pub.ro.cls
Document Class: thesis.cs.pub.ro 2008/07/14
(C:\Users\alecn\AppData\Local\Programs\MiKTeX\tex/latex/base\report.cls
Document Class: report 2025/01/22 v1.4n Standard LaTeX document class
(C:\Users\alecn\AppData\Local\Programs\MiKTeX\tex/latex/base\size10.clo
File: size10.clo 2025/01/22 v1.4n Standard LaTeX file (size option)
)
\c@part=\count275
\c@chapter=\count276
\c@section=\count277
\c@subsection=\count278
\c@subsubsection=\count279
\c@paragraph=\count280
\c@subparagraph=\count281
\c@figure=\count282
\c@table=\count283
\abovecaptionskip=\skip49
\belowcaptionskip=\skip50
\bibindent=\dimen148
)
(C:\Users\alecn\AppData\Local\Programs\MiKTeX\tex/latex/base\inputenc.sty
Package: inputenc 2024/02/08 v1.3d Input encoding file
\inpenc@prehook=\toks17
\inpenc@posthook=\toks18
)
(C:\Users\alecn\AppData\Local\Programs\MiKTeX\tex/latex/base\fontenc.sty
Package: fontenc 2025/07/18 v2.1d Standard LaTeX package
)
(C:\Users\alecn\AppData\Local\Programs\MiKTeX\tex/latex/lm\lmodern.sty
Package: lmodern 2015/05/01 v1.6.1 Latin Modern Fonts
LaTeX Font Info:    Overwriting symbol font `operators' in version `normal'
(Font)                  OT1/cmr/m/n --> OT1/lmr/m/n on input line 22.
LaTeX Font Info:    Overwriting symbol font `letters' in version `normal'
(Font)                  OML/cmm/m/it --> OML/lmm/m/it on input line 23.
LaTeX Font Info:    Overwriting symbol font `symbols' in version `normal'
(Font)                  OMS/cmsy/m/n --> OMS/lmsy/m/n on input line 24.
LaTeX Font Info:    Overwriting symbol font `largesymbols' in version `normal'
(Font)                  OMX/cmex/m/n --> OMX/lmex/m/n on input line 25.
LaTeX Font Info:    Overwriting symbol font `operators' in version `bold'
(Font)                  OT1/cmr/bx/n --> OT1/lmr/bx/n on input line 26.
LaTeX Font Info:    Overwriting symbol font `letters' in version `bold'
(Font)                  OML/cmm/b/it --> OML/lmm/b/it on input line 27.
LaTeX Font Info:    Overwriting symbol font `symbols' in version `bold'
(Font)                  OMS/cmsy/b/n --> OMS/lmsy/b/n on input line 28.
LaTeX Font Info:    Overwriting symbol font `largesymbols' in version `bold'
(Font)                  OMX/cmex/m/n --> OMX/lmex/m/n on input line 29.
LaTeX Font Info:    Overwriting math alphabet `\mathbf' in version `normal'
(Font)                  OT1/cmr/bx/n --> OT1/lmr/bx/n on input line 31.
LaTeX Font Info:    Overwriting math alphabet `\mathsf' in version `normal'
(Font)                  OT1/cmss/m/n --> OT1/lmss/m/n on input line 32.
LaTeX Font Info:    Overwriting math alphabet `\mathit' in version `normal'
(Font)                  OT1/cmr/m/it --> OT1/lmr/m/it on input line 33.
LaTeX Font Info:    Overwriting math alphabet `\mathtt' in version `normal'
(Font)                  OT1/cmtt/m/n --> OT1/lmtt/m/n on input line 34.
LaTeX Font Info:    Overwriting math alphabet `\mathbf' in version `bold'
(Font)                  OT1/cmr/bx/n --> OT1/lmr/bx/n on input line 35.
LaTeX Font Info:    Overwriting math alphabet `\mathsf' in version `bold'
(Font)                  OT1/cmss/bx/n --> OT1/lmss/bx/n on input line 36.
LaTeX Font Info:    Overwriting math alphabet `\mathit' in version `bold'
(Font)                  OT1/cmr/bx/it --> OT1/lmr/bx/it on input line 37.
LaTeX Font Info:    Overwriting math alphabet `\mathtt' in version `bold'
(Font)                  OT1/cmtt/m/n --> OT1/lmtt/m/n on input line 38.
)
(C:\Users\alecn\AppData\Local\Programs\MiKTeX\tex/generic/babel\babel.sty
Package: babel 2025/12/11 v25.17 The multilingual framework for LuaLaTeX, pdfLa
TeX and XeLaTeX
\babel@savecnt=\count284
LaTeX Encoding Info:    Redeclaring text command \ij (encoding OT1) on input li
ne 2068.
LaTeX Encoding Info:    Redeclaring text command \IJ (encoding OT1) on input li
ne 2070.
LaTeX Encoding Info:    Redeclaring text command \ij (encoding T1) on input lin
e 2072.
LaTeX Encoding Info:    Redeclaring text command \IJ (encoding T1) on input lin
e 2073.
LaTeX Encoding Info:    Ignoring declaration for text command \ij (encoding ?) 
on input line 2074.
LaTeX Encoding Info:    Ignoring declaration for text command \IJ (encoding ?) 
on input line 2076.
LaTeX Encoding Info:    Ignoring declaration for text command \SS (encoding ?) 
on input line 2101.
\U@D=\dimen149
\l@unhyphenated=\language79

(C:\Users\alecn\AppData\Local\Programs\MiKTeX\tex/generic/babel\txtbabel.def)
\bbl@readstream=\read2
\bbl@dirlevel=\count285
Package babel Info: Configuration files are deprecated, as
(babel)             they can break document portability.
(babel)             Reported on input line 4196.

*************************************
* Local config file bblopts.cfg used
*
(C:\Users\alecn\AppData\Local\Programs\MiKTeX\tex/latex/arabi\bblopts.cfg
File: bblopts.cfg 2005/09/08 v0.1 add Arabic and Farsi to "declared" options of
 babel
)
(C:\Users\alecn\AppData\Local\Programs\MiKTeX\tex/generic/babel/locale/ro\babel
-romanian.tex)
Package babel Info: Importing font and identification data for romanian
(babel)             from babel-ro.ini. Reported on input line 4320.

(C:\Users\alecn\AppData\Local\Programs\MiKTeX\tex/latex/babel-romanian\romanian
.ldf
Language: romanian 2021/04/04 v1.2m Romanian support from the babel system
))
(C:\Users\alecn\AppData\Local\Programs\MiKTeX\tex/generic/pdftex\glyphtounicode
.tex) (C:\Users\alecn\AppData\Local\Programs\MiKTeX\tex/latex/base\makeidx.sty
Package: makeidx 2021/10/04 v1.0m Standard LaTeX package
) (C:\Users\alecn\AppData\Local\Programs\MiKTeX\tex/latex/geometry\geometry.sty
Package: geometry 2026/03/07 v6.0 Page Geometry

(C:\Users\alecn\AppData\Local\Programs\MiKTeX\tex/latex/graphics\keyval.sty
Package: keyval 2022/05/29 v1.15 key=value parser (DPC)
\KV@toks@=\toks19
)
(C:\Users\alecn\AppData\Local\Programs\MiKTeX\tex/generic/iftex\ifvtex.sty
Package: ifvtex 2019/10/25 v1.7 ifvtex legacy package. Use iftex instead.

(C:\Users\alecn\AppData\Local\Programs\MiKTeX\tex/generic/iftex\iftex.sty
Package: iftex 2024/12/12 v1.0g TeX engine tests
))
\Gm@cnth=\count286
\Gm@cntv=\count287
\c@Gm@tempcnt=\count288
\Gm@bindingoffset=\dimen150
\Gm@wd@mp=\dimen151
\Gm@odd@mp=\dimen152
\Gm@even@mp=\dimen153
\Gm@layoutwidth=\dimen154
\Gm@layoutheight=\dimen155
\Gm@layouthoffset=\dimen156
\Gm@layoutvoffset=\dimen157
\Gm@dimlist=\toks20

(C:\Users\alecn\AppData\Local\Programs\MiKTeX\tex/latex/geometry\geometry.cfg))
(C:\Users\alecn\AppData\Local\Programs\MiKTeX\tex/latex/parskip\parskip.sty
Package: parskip 2021-03-14 v2.0h non-zero parskip adjustments

(C:\Users\alecn\AppData\Local\Programs\MiKTeX\tex/latex/kvoptions\kvoptions.sty
Package: kvoptions 2022-06-15 v3.15 Key value format for package options (HO)
(C:\Users\alecn\AppData\Local\Programs\MiKTeX\tex/generic/ltxcmds\ltxcmds.sty
Package: ltxcmds 2023-12-04 v1.26 LaTeX kernel commands for general use (HO)
)
(C:\Users\alecn\AppData\Local\Programs\MiKTeX\tex/latex/kvsetkeys\kvsetkeys.sty
Package: kvsetkeys 2022-10-05 v1.19 Key value parser (HO)
))
(C:\Users\alecn\AppData\Local\Programs\MiKTeX\tex/latex/etoolbox\etoolbox.sty
Package: etoolbox 2025/10/02 v2.5m e-TeX tools for LaTeX (JAW)
\etb@tempcnta=\count289
)) (C:\Users\alecn\AppData\Local\Programs\MiKTeX\tex/latex/setspace\setspace.st
y
Package: setspace 2022/12/04 v6.7b set line spacing
) (C:\Users\alecn\AppData\Local\Programs\MiKTeX\tex/latex/hyperref\hyperref.sty
Package: hyperref 2025-07-12 v7.01o Hypertext links for LaTeX

(C:\Users\alecn\AppData\Local\Programs\MiKTeX\tex/generic/kvdefinekeys\kvdefine
keys.sty
Package: kvdefinekeys 2019-12-19 v1.6 Define keys (HO)
)
(C:\Users\alecn\AppData\Local\Programs\MiKTeX\tex/generic/pdfescape\pdfescape.s
ty
Package: pdfescape 2019/12/09 v1.15 Implements pdfTeX's escape features (HO)

(C:\Users\alecn\AppData\Local\Programs\MiKTeX\tex/generic/pdftexcmds\pdftexcmds
.sty
Package: pdftexcmds 2020-06-27 v0.33 Utility functions of pdfTeX for LuaTeX (HO
)

(C:\Users\alecn\AppData\Local\Programs\MiKTeX\tex/generic/infwarerr\infwarerr.s
ty
Package: infwarerr 2019/12/03 v1.5 Providing info/warning/error messages (HO)
)
Package pdftexcmds Info: \pdf@primitive is available.
Package pdftexcmds Info: \pdf@ifprimitive is available.
Package pdftexcmds Info: \pdfdraftmode found.
))
(C:\Users\alecn\AppData\Local\Programs\MiKTeX\tex/latex/hycolor\hycolor.sty
Package: hycolor 2020-01-27 v1.10 Color options for hyperref/bookmark (HO)
)
(C:\Users\alecn\AppData\Local\Programs\MiKTeX\tex/latex/hyperref\nameref.sty
Package: nameref 2025-06-21 v2.57 Cross-referencing by name of section

(C:\Users\alecn\AppData\Local\Programs\MiKTeX\tex/latex/refcount\refcount.sty
Package: refcount 2019/12/15 v3.6 Data extraction from label references (HO)
)
(C:\Users\alecn\AppData\Local\Programs\MiKTeX\tex/generic/gettitlestring\gettit
lestring.sty
Package: gettitlestring 2019/12/15 v1.6 Cleanup title references (HO)
)
\c@section@level=\count290
)
(C:\Users\alecn\AppData\Local\Programs\MiKTeX\tex/generic/stringenc\stringenc.s
ty
Package: stringenc 2019/11/29 v1.12 Convert strings between diff. encodings (HO
)
)
\@linkdim=\dimen158
\Hy@linkcounter=\count291
\Hy@pagecounter=\count292
 (C:\Users\alecn\AppData\Local\Programs\MiKTeX\tex/latex/hyperref\pd1enc.def
File: pd1enc.def 2025-07-12 v7.01o Hyperref: PDFDocEncoding definition (HO)
Now handling font encoding PD1 ...
... no UTF-8 mapping file for font encoding PD1
) (C:\Users\alecn\AppData\Local\Programs\MiKTeX\tex/generic/intcalc\intcalc.sty
Package: intcalc 2019/12/15 v1.3 Expandable calculations with integers (HO)
)
\Hy@SavedSpaceFactor=\count293
 (C:\Users\alecn\AppData\Local\Programs\MiKTeX\tex/latex/hyperref\puenc.def
File: puenc.def 2025-07-12 v7.01o Hyperref: PDF Unicode definition (HO)
Now handling font encoding PU ...
... no UTF-8 mapping file for font encoding PU
)
Package hyperref Info: Hyper figures OFF on input line 4195.
Package hyperref Info: Link nesting OFF on input line 4200.
Package hyperref Info: Hyper index ON on input line 4203.
Package hyperref Info: Plain pages OFF on input line 4210.
Package hyperref Info: Backreferencing OFF on input line 4215.
Package hyperref Info: Implicit mode ON; LaTeX internals redefined.
Package hyperref Info: Bookmarks ON on input line 4462.
\c@Hy@tempcnt=\count294

(C:\Users\alecn\AppData\Local\Programs\MiKTeX\tex/latex/url\url.sty
\Urlmuskip=\muskip17
Package: url 2013/09/16  ver 3.4  Verb mode for urls, etc.
)
LaTeX Info: Redefining \url on input line 4801.
\XeTeXLinkMargin=\dimen159

(C:\Users\alecn\AppData\Local\Programs\MiKTeX\tex/generic/bitset\bitset.sty
Package: bitset 2019/12/09 v1.3 Handle bit-vector datatype (HO)

(C:\Users\alecn\AppData\Local\Programs\MiKTeX\tex/generic/bigintcalc\bigintcalc
.sty
Package: bigintcalc 2019/12/15 v1.5 Expandable calculations on big integers (HO
)
))
\Fld@menulength=\count295
\Field@Width=\dimen160
\Fld@charsize=\dimen161
Package hyperref Info: Hyper figures OFF on input line 6078.
Package hyperref Info: Link nesting OFF on input line 6083.
Package hyperref Info: Hyper index ON on input line 6086.
Package hyperref Info: backreferencing OFF on input line 6093.
Package hyperref Info: Link coloring OFF on input line 6098.
Package hyperref Info: Link coloring with OCG OFF on input line 6103.
Package hyperref Info: PDF/A mode OFF on input line 6108.
\Hy@abspage=\count296
\c@Item=\count297
\c@Hfootnote=\count298
)
Package hyperref Info: Driver (autodetected): hpdftex.

(C:\Users\alecn\AppData\Local\Programs\MiKTeX\tex/latex/hyperref\hpdftex.def
File: hpdftex.def 2025-07-12 v7.01o Hyperref driver for pdfTeX
\Fld@listcount=\count299
\c@bookmark@seq@number=\count300

(C:\Users\alecn\AppData\Local\Programs\MiKTeX\tex/latex/rerunfilecheck\rerunfil
echeck.sty
Package: rerunfilecheck 2025-06-21 v1.11 Rerun checks for auxiliary files (HO)

(C:\Users\alecn\AppData\Local\Programs\MiKTeX\tex/generic/uniquecounter\uniquec
ounter.sty
Package: uniquecounter 2019/12/15 v1.4 Provide unlimited unique counter (HO)
)
Package uniquecounter Info: New unique counter `rerunfilecheck' on input line 2
84.
)
\Hy@SectionHShift=\skip51
)
Package hyperref Info: Option `colorlinks' set `true' on input line 57.


Package hyperref Warning: Option `bookmarks' has already been used,
(hyperref)                setting the option has no effect on input line 57.

Package hyperref Info: Option `bookmarksnumbered' set `true' on input line 57.

(C:\Users\alecn\AppData\Local\Programs\MiKTeX\tex/latex/underscore\underscore.s
ty
Package: underscore 2006/09/13
LaTeX Info: Redefining \_ on input line 42.
)
==> First Aid for underscore.sty applied!

(C:\Users\alecn\AppData\Local\Programs\MiKTeX\tex/latex/firstaid\underscore-ltx
.sty
Package: underscore-ltx 2023/09/20 LaTeX firstaid to make underscore protected 

)
(C:\Users\alecn\AppData\Local\Programs\MiKTeX\tex/latex/graphics\graphicx.sty
Package: graphicx 2024/12/31 v1.2e Enhanced LaTeX Graphics (DPC,SPQR)

(C:\Users\alecn\AppData\Local\Programs\MiKTeX\tex/latex/graphics\graphics.sty
Package: graphics 2024/08/06 v1.4g Standard LaTeX Graphics (DPC,SPQR)

(C:\Users\alecn\AppData\Local\Programs\MiKTeX\tex/latex/graphics\trig.sty
Package: trig 2023/12/02 v1.11 sin cos tan (DPC)
)
(C:\Users\alecn\AppData\Local\Programs\MiKTeX\tex/latex/graphics-cfg\graphics.c
fg
File: graphics.cfg 2016/06/04 v1.11 sample graphics configuration
)
Package graphics Info: Driver file: pdftex.def on input line 106.

(C:\Users\alecn\AppData\Local\Programs\MiKTeX\tex/latex/graphics-def\pdftex.def
File: pdftex.def 2025/09/29 v1.2d Graphics/color driver for pdftex
))
\Gin@req@height=\dimen162
\Gin@req@width=\dimen163
) (C:\Users\alecn\AppData\Local\Programs\MiKTeX\tex/latex/float\float.sty
Package: float 2001/11/08 v1.3d Float enhancements (AL)
\c@float@type=\count301
\float@exts=\toks21
\float@box=\box53
\@float@everytoks=\toks22
\@floatcapt=\box54
)
(C:\Users\alecn\AppData\Local\Programs\MiKTeX\tex/latex/placeins\placeins.sty
Package: placeins 2005/04/18  v 2.2
)
(C:\Users\alecn\AppData\Local\Programs\MiKTeX\tex/latex/listings\listings.sty
\lst@mode=\count302
\lst@gtempboxa=\box55
\lst@token=\toks23
\lst@length=\count303
\lst@currlwidth=\dimen164
\lst@column=\count304
\lst@pos=\count305
\lst@lostspace=\dimen165
\lst@width=\dimen166
\lst@newlines=\count306
\lst@lineno=\count307
\lst@maxwidth=\dimen167

(C:\Users\alecn\AppData\Local\Programs\MiKTeX\tex/latex/listings\lstpatch.sty
File: lstpatch.sty 2025/11/14 1.11b (Carsten Heinz)
)
(C:\Users\alecn\AppData\Local\Programs\MiKTeX\tex/latex/listings\lstmisc.sty
File: lstmisc.sty 2025/11/14 1.11b (Carsten Heinz)
\c@lstnumber=\count308
\lst@skipnumbers=\count309
\lst@framebox=\box56
)
(C:\Users\alecn\AppData\Local\Programs\MiKTeX\tex/latex/listings\listings.cfg
File: listings.cfg 2025/11/14 1.11b listings configuration
))
Package: listings 2025/11/14 1.11b (Carsten Heinz)
==> First Aid for listings.sty no longer applied!
    Expected:
        2024/09/23 1.10c (Carsten Heinz)
    but found:
        2025/11/14 1.11b (Carsten Heinz)
    so I'm assuming it got fixed.
(C:\Users\alecn\AppData\Local\Programs\MiKTeX\tex/latex/nomencl\nomencl.sty
Package: nomencl 2021/11/10 v5.6 Nomenclature package

(C:\Users\alecn\AppData\Local\Programs\MiKTeX\tex/latex/xkeyval\xkeyval.sty
Package: xkeyval 2022/06/16 v2.9 package option processing (HA)

(C:\Users\alecn\AppData\Local\Programs\MiKTeX\tex/generic/xkeyval\xkeyval.tex
(C:\Users\alecn\AppData\Local\Programs\MiKTeX\tex/generic/xkeyval\xkvutils.tex
\XKV@toks=\toks24
\XKV@tempa@toks=\toks25
)
\XKV@depth=\count310
File: xkeyval.tex 2014/12/03 v2.7a key=value parser (HA)
)) (C:\Users\alecn\AppData\Local\Programs\MiKTeX\tex/latex/base\ifthen.sty
Package: ifthen 2024/03/16 v1.1e Standard LaTeX ifthen package (DPC)
)
(C:\Users\alecn\AppData\Local\Programs\MiKTeX\tex/latex/koma-script\tocbasic.st
y
Package: tocbasic 2026/02/02 v3.49.2 KOMA-Script package (handling toc-files)

(C:\Users\alecn\AppData\Local\Programs\MiKTeX\tex/latex/koma-script\scrbase.sty
Package: scrbase 2026/02/02 v3.49.2 KOMA-Script package (KOMA-Script-independen
t basics and keyval usage)

(C:\Users\alecn\AppData\Local\Programs\MiKTeX\tex/latex/koma-script\scrlfile.st
y
Package: scrlfile 2026/02/02 v3.49.2 KOMA-Script package (file load hooks)

(C:\Users\alecn\AppData\Local\Programs\MiKTeX\tex/latex/koma-script\scrlfile-ho
ok.sty
Package: scrlfile-hook 2026/02/02 v3.49.2 KOMA-Script package (using LaTeX hook
s)

(C:\Users\alecn\AppData\Local\Programs\MiKTeX\tex/latex/koma-script\scrlogo.sty
Package: scrlogo 2026/02/02 v3.49.2 KOMA-Script package (logo)
)))
Applying: [2021/05/01] Usage of raw or classic option list on input line 254.
Already applied: [0000/00/00] Usage of raw or classic option list on input line
 370.
)
\scr@dte@tocline@numberwidth=\skip52
\scr@dte@tocline@numbox=\box57
)
Package tocbasic Info: setting babel extension for `nlo' on input line 187.
Package tocbasic Info: setting babel extension for `nls' on input line 188.
\nomlabelwidth=\dimen168
\nom@tempdim=\dimen169
\nomitemsep=\skip53
)
\@nomenclaturefile=\write3
\openout3 = `thesis.nlo'.

Package nomencl Info: Writing nomenclature file thesis.nlo on input line 96.

(C:\Users\alecn\AppData\Local\Programs\MiKTeX\tex/latex/bigfoot\perpage.sty
Package: perpage 2014/10/25 2.0 Reset/sort counters per page
\c@abspage=\count311
)
\c@pp@a@footnote=\count312

(C:\Users\alecn\AppData\Local\Programs\MiKTeX\tex/latex/fancyhdr\fancyhdr.sty
Package: fancyhdr 2025/02/07 v5.2 Extensive control of page headers and footers

\f@nch@headwidth=\skip54
\f@nch@offset@elh=\skip55
\f@nch@offset@erh=\skip56
\f@nch@offset@olh=\skip57
\f@nch@offset@orh=\skip58
\f@nch@offset@elf=\skip59
\f@nch@offset@erf=\skip60
\f@nch@offset@olf=\skip61
\f@nch@offset@orf=\skip62
\f@nch@height=\skip63
\f@nch@footalignment=\skip64
\f@nch@widthL=\skip65
\f@nch@widthC=\skip66
\f@nch@widthR=\skip67
\@temptokenb=\toks26
)
(C:\Users\alecn\AppData\Local\Programs\MiKTeX\tex/latex/tools\longtable.sty
Package: longtable 2025-10-13 v4.24 Multi-page Table package (DPC)
\LTleft=\skip68
\LTright=\skip69
\LTpre=\skip70
\LTpost=\skip71
\LTchunksize=\count313
\LTcapwidth=\dimen170
\LT@head=\box58
\LT@firsthead=\box59
\LT@foot=\box60
\LT@lastfoot=\box61
\LT@gbox=\box62
\LT@cols=\count314
\LT@rows=\count315
\c@LT@tables=\count316
\c@LT@chunks=\count317
\LT@p@ftn=\toks27
)
(C:\Users\alecn\AppData\Local\Programs\MiKTeX\tex/latex/base\fontenc.sty
Package: fontenc 2025/07/18 v2.1d Standard LaTeX package
LaTeX Font Info:    Trying to load font information for T1+lmr on input line 11
6.

(C:\Users\alecn\AppData\Local\Programs\MiKTeX\tex/latex/lm\t1lmr.fd
File: t1lmr.fd 2015/05/01 v1.6.1 Font defs for Latin Modern
))
(C:\Users\alecn\AppData\Local\Programs\MiKTeX\tex/latex/psnfss\courier.sty
Package: courier 2020/03/25 PSNFSS-v9.3 (WaS) 
)
(C:\Users\alecn\AppData\Local\Programs\MiKTeX\tex/latex/tools\multicol.sty
Package: multicol 2025/10/21 v2.0b multicolumn formatting (FMi)
\c@tracingmulticols=\count318
\mult@box=\box63
\multicol@leftmargin=\dimen171
\c@unbalance=\count319
\c@collectmore=\count320
\doublecol@number=\count321
\multicoltolerance=\count322
\multicolpretolerance=\count323
\full@width=\dimen172
\page@free=\dimen173
\premulticols=\dimen174
\postmulticols=\dimen175
\multicolsep=\skip72
\multicolbaselineskip=\skip73
\partial@page=\box64
\last@line=\box65
\mc@boxedresult=\box66
\maxbalancingoverflow=\dimen176
\mult@rightbox=\box67
\mult@grightbox=\box68
\mult@firstbox=\box69
\mult@gfirstbox=\box70
\@tempa=\box71
\@tempa=\box72
\@tempa=\box73
\@tempa=\box74
\@tempa=\box75
\@tempa=\box76
\@tempa=\box77
\@tempa=\box78
\@tempa=\box79
\@tempa=\box80
\@tempa=\box81
\@tempa=\box82
\@tempa=\box83
\@tempa=\box84
\@tempa=\box85
\@tempa=\box86
\@tempa=\box87
\@tempa=\box88
\@tempa=\box89
\@tempa=\box90
\@tempa=\box91
\@tempa=\box92
\@tempa=\box93
\@tempa=\box94
\@tempa=\box95
\@tempa=\box96
\@tempa=\box97
\@tempa=\box98
\@tempa=\box99
\@tempa=\box100
\@tempa=\box101
\@tempa=\box102
\@tempa=\box103
\@tempa=\box104
\@tempa=\box105
\@tempa=\box106
\c@minrows=\count324
\c@columnbadness=\count325
\c@finalcolumnbadness=\count326
\last@try=\dimen177
\multicolovershoot=\dimen178
\multicolundershoot=\dimen179
\mult@nat@firstbox=\box107
\colbreak@box=\box108
\mc@col@check@num=\count327
\g__mc_curr_col_int=\count328
)
(C:\Users\alecn\AppData\Local\Programs\MiKTeX\tex/latex/subfig\subfig.sty
Package: subfig 2005/06/28 ver: 1.3 subfig package

(C:\Users\alecn\AppData\Local\Programs\MiKTeX\tex/latex/caption\caption.sty
Package: caption 2023/08/05 v3.6o Customizing captions (AR)

(C:\Users\alecn\AppData\Local\Programs\MiKTeX\tex/latex/caption\caption3.sty
Package: caption3 2023/07/31 v2.4d caption3 kernel (AR)
\caption@tempdima=\dimen180
\captionmargin=\dimen181
\caption@leftmargin=\dimen182
\caption@rightmargin=\dimen183
\caption@width=\dimen184
\caption@indent=\dimen185
\caption@parindent=\dimen186
\caption@hangindent=\dimen187
Package caption Info: Standard document class detected.
)
\c@caption@flags=\count329
\c@continuedfloat=\count330
Package caption Info: float package is loaded.
Package caption Info: hyperref package is loaded.
Package caption Info: listings package is loaded.
Package caption Info: longtable package is loaded.

(C:\Users\alecn\AppData\Local\Programs\MiKTeX\tex/latex/caption\ltcaption.sty
Package: ltcaption 2021/01/08 v1.4c longtable captions (AR)
))
\c@KVtest=\count331
\sf@farskip=\skip74
\sf@captopadj=\dimen188
\sf@capskip=\skip75
\sf@nearskip=\skip76
\c@subfigure=\count332
\c@subfigure@save=\count333
\c@lofdepth=\count334
\c@subtable=\count335
\c@subtable@save=\count336
\c@lotdepth=\count337
\sf@top=\skip77
\sf@bottom=\skip78
) (C:\Users\alecn\AppData\Local\Programs\MiKTeX\tex/latex/booktabs\booktabs.sty
Package: booktabs 2020/01/12 v1.61803398 Publication quality tables
\heavyrulewidth=\dimen189
\lightrulewidth=\dimen190
\cmidrulewidth=\dimen191
\belowrulesep=\dimen192
\belowbottomsep=\dimen193
\aboverulesep=\dimen194
\abovetopsep=\dimen195
\cmidrulesep=\dimen196
\cmidrulekern=\dimen197
\defaultaddspace=\dimen198
\@cmidla=\count338
\@cmidlb=\count339
\@aboverulesep=\dimen199
\@belowrulesep=\dimen256
\@thisruleclass=\count340
\@lastruleclass=\count341
\@thisrulewidth=\dimen257
) (C:\Users\alecn\AppData\Local\Programs\MiKTeX\tex/latex/multirow\multirow.sty
Package: multirow 2024/11/12 v2.9 Span multiple rows of a table
\multirow@colwidth=\skip79
\multirow@cntb=\count342
\multirow@dima=\skip80
\bigstrutjot=\dimen258
)) (C:\Users\alecn\AppData\Local\Programs\MiKTeX\tex/latex/amsmath\amsmath.sty
Package: amsmath 2025/07/09 v2.17z AMS math features
\@mathmargin=\skip81

For additional information on amsmath, use the `?' option.
(C:\Users\alecn\AppData\Local\Programs\MiKTeX\tex/latex/amsmath\amstext.sty
Package: amstext 2024/11/17 v2.01 AMS text

(C:\Users\alecn\AppData\Local\Programs\MiKTeX\tex/latex/amsmath\amsgen.sty
File: amsgen.sty 1999/11/30 v2.0 generic functions
\@emptytoks=\toks28
\ex@=\dimen259
))
(C:\Users\alecn\AppData\Local\Programs\MiKTeX\tex/latex/amsmath\amsbsy.sty
Package: amsbsy 1999/11/29 v1.2d Bold Symbols
\pmbraise@=\dimen260
)
(C:\Users\alecn\AppData\Local\Programs\MiKTeX\tex/latex/amsmath\amsopn.sty
Package: amsopn 2022/04/08 v2.04 operator names
)
\inf@bad=\count343
LaTeX Info: Redefining \frac on input line 233.
\uproot@=\count344
\leftroot@=\count345
LaTeX Info: Redefining \overline on input line 398.
LaTeX Info: Redefining \colon on input line 409.
\classnum@=\count346
\DOTSCASE@=\count347
LaTeX Info: Redefining \ldots on input line 495.
LaTeX Info: Redefining \dots on input line 498.
LaTeX Info: Redefining \cdots on input line 619.
\Mathstrutbox@=\box109
\strutbox@=\box110
LaTeX Info: Redefining \big on input line 721.
LaTeX Info: Redefining \Big on input line 722.
LaTeX Info: Redefining \bigg on input line 723.
LaTeX Info: Redefining \Bigg on input line 724.
\big@size=\dimen261
LaTeX Font Info:    Redeclaring font encoding OML on input line 742.
LaTeX Font Info:    Redeclaring font encoding OMS on input line 743.
\macc@depth=\count348
LaTeX Info: Redefining \bmod on input line 904.
LaTeX Info: Redefining \pmod on input line 909.
LaTeX Info: Redefining \smash on input line 939.
LaTeX Info: Redefining \relbar on input line 969.
LaTeX Info: Redefining \Relbar on input line 970.
\c@MaxMatrixCols=\count349
\dotsspace@=\muskip18
\c@parentequation=\count350
\dspbrk@lvl=\count351
\tag@help=\toks29
\row@=\count352
\column@=\count353
\maxfields@=\count354
\andhelp@=\toks30
\eqnshift@=\dimen262
\alignsep@=\dimen263
\tagshift@=\dimen264
\tagwidth@=\dimen265
\totwidth@=\dimen266
\lineht@=\dimen267
\@envbody=\toks31
\multlinegap=\skip82
\multlinetaggap=\skip83
\mathdisplay@stack=\toks32
LaTeX Info: Redefining \[ on input line 2950.
LaTeX Info: Redefining \] on input line 2951.
)
\@indexfile=\write4
\openout4 = `thesis.idx'.


Writing index file thesis.idx

(C:\Users\alecn\AppData\Local\Programs\MiKTeX\tex/latex/l3backend\l3backend-pdf
tex.def
File: l3backend-pdftex.def 2025-10-09 L3 backend support: PDF output (pdfTeX)
\l__color_backend_stack_int=\count355
) (thesis.aux (src/chapters/intro.aux) (src/chapters/requirements.aux)
(src/chapters/market_study.aux) (src/chapters/application.aux)
(src/chapters/implementation.aux) (src/chapters/case_studies.aux)
(src/chapters/conclusions.aux))
\openout1 = `thesis.aux'.

LaTeX Font Info:    Checking defaults for OML/cmm/m/it on input line 3.
LaTeX Font Info:    ... okay on input line 3.
LaTeX Font Info:    Checking defaults for OMS/cmsy/m/n on input line 3.
LaTeX Font Info:    ... okay on input line 3.
LaTeX Font Info:    Checking defaults for OT1/cmr/m/n on input line 3.
LaTeX Font Info:    ... okay on input line 3.
LaTeX Font Info:    Checking defaults for T1/cmr/m/n on input line 3.
LaTeX Font Info:    ... okay on input line 3.
LaTeX Font Info:    Checking defaults for TS1/cmr/m/n on input line 3.
LaTeX Font Info:    ... okay on input line 3.
LaTeX Font Info:    Checking defaults for OMX/cmex/m/n on input line 3.
LaTeX Font Info:    ... okay on input line 3.
LaTeX Font Info:    Checking defaults for U/cmr/m/n on input line 3.
LaTeX Font Info:    ... okay on input line 3.
LaTeX Font Info:    Checking defaults for PD1/pdf/m/n on input line 3.
LaTeX Font Info:    ... okay on input line 3.
LaTeX Font Info:    Checking defaults for PU/pdf/m/n on input line 3.
LaTeX Font Info:    ... okay on input line 3.

*geometry* driver: auto-detecting
*geometry* detected driver: pdftex
*geometry* verbose mode - [ preamble ] result:
* driver: pdftex
* paper: <default>
* layout: <same size as paper>
* layoutoffset:(h,v)=(0.0pt,0.0pt)
* modes: 
* h-part:(L,W,R)=(99.58464pt, 412.56497pt, 85.35826pt)
* v-part:(T,H,B)=(99.58464pt, 645.87756pt, 99.58464pt)
* \paperwidth=597.50787pt
* \paperheight=845.04684pt
* \textwidth=412.56497pt
* \textheight=645.87756pt
* \oddsidemargin=27.31465pt
* \evensidemargin=27.31465pt
* \topmargin=-9.68535pt
* \headheight=34.64322pt
* \headsep=14.22636pt
* \topskip=10.0pt
* \footskip=30.0pt
* \marginparwidth=57.0pt
* \marginparsep=11.0pt
* \columnsep=10.0pt
* \skip\footins=9.0pt plus 4.0pt minus 2.0pt
* \hoffset=0.0pt
* \voffset=0.0pt
* \mag=1000
* \@twocolumnfalse
* \@twosidefalse
* \@mparswitchfalse
* \@reversemarginfalse
* (1in=72.27pt=25.4mm, 1cm=28.453pt)

(C:\Users\alecn\AppData\Local\Programs\MiKTeX\tex/latex/graphics\color.sty
Package: color 2025/01/14 v1.3e Standard LaTeX Color (DPC)

(C:\Users\alecn\AppData\Local\Programs\MiKTeX\tex/latex/graphics-cfg\color.cfg
File: color.cfg 2016/01/02 v1.6 sample color configuration
)
Package color Info: Driver file: pdftex.def on input line 149.
(C:\Users\alecn\AppData\Local\Programs\MiKTeX\tex/latex/graphics\mathcolor.ltx)
)
Package hyperref Info: Link coloring ON on input line 3.
 (thesis.out) (thesis.out)
\@outlinefile=\write5
\openout5 = `thesis.out'.


(C:\Users\alecn\AppData\Local\Programs\MiKTeX\tex/context/base/mkii\supp-pdf.mk
ii
[Loading MPS to PDF converter (version 2006.09.02).]
\scratchcounter=\count356
\scratchdimen=\dimen268
\scratchbox=\box111
\nofMPsegments=\count357
\nofMParguments=\count358
\everyMPshowfont=\toks33
\MPscratchCnt=\count359
\MPscratchDim=\dimen269
\MPnumerator=\count360
\makeMPintoPDFobject=\count361
\everyMPtoPDFconversion=\toks34
)
(C:\Users\alecn\AppData\Local\Programs\MiKTeX\tex/latex/epstopdf-pkg\epstopdf-b
ase.sty
Package: epstopdf-base 2020-01-24 v2.11 Base part for package epstopdf
Package epstopdf-base Info: Redefining graphics rule for `.eps' on input line 4
85.

(C:\Users\alecn\AppData\Local\Programs\MiKTeX\tex/latex/00miktex\epstopdf-sys.c
fg
File: epstopdf-sys.cfg 2021/03/18 v2.0 Configuration of epstopdf for MiKTeX
))
\c@lstlisting=\count362
Package tocbasic Info: setting babel extension for `lol' on input line 3.
Package caption Info: Begin \AtBeginDocument code.
Package caption Info: subfig package v1.3 is loaded.
Package caption Info: End \AtBeginDocument code.
 (src/global.tex) (template/titlepage.ro.tex
LaTeX Font Info:    Trying to load font information for OT1+lmr on input line 4
.

(C:\Users\alecn\AppData\Local\Programs\MiKTeX\tex/latex/lm\ot1lmr.fd
File: ot1lmr.fd 2015/05/01 v1.6.1 Font defs for Latin Modern
)
LaTeX Font Info:    Trying to load font information for OML+lmm on input line 4
.

(C:\Users\alecn\AppData\Local\Programs\MiKTeX\tex/latex/lm\omllmm.fd
File: omllmm.fd 2015/05/01 v1.6.1 Font defs for Latin Modern
)
LaTeX Font Info:    Trying to load font information for OMS+lmsy on input line 
4.

(C:\Users\alecn\AppData\Local\Programs\MiKTeX\tex/latex/lm\omslmsy.fd
File: omslmsy.fd 2015/05/01 v1.6.1 Font defs for Latin Modern
)
LaTeX Font Info:    Trying to load font information for OMX+lmex on input line 
4.

(C:\Users\alecn\AppData\Local\Programs\MiKTeX\tex/latex/lm\omxlmex.fd
File: omxlmex.fd 2015/05/01 v1.6.1 Font defs for Latin Modern
)
LaTeX Font Info:    External font `lmex10' loaded for size
(Font)              <14.4> on input line 4.
LaTeX Font Info:    External font `lmex10' loaded for size
(Font)              <10> on input line 4.
LaTeX Font Info:    External font `lmex10' loaded for size
(Font)              <7> on input line 4.
<src/img/branding/upb.png, id=391, 598.235pt x 598.235pt>
File: src/img/branding/upb.png Graphic file (type png)
<use src/img/branding/upb.png>
Package pdftex.def Info: src/img/branding/upb.png  used on input line 11.
(pdftex.def)             Requested size: 45.05359pt x 45.04825pt.
<src/img/branding/cs.png, id=392, 695.59875pt x 307.1475pt>
File: src/img/branding/cs.png Graphic file (type png)
<use src/img/branding/cs.png>
Package pdftex.def Info: src/img/branding/cs.png  used on input line 13.
(pdftex.def)             Requested size: 103.96696pt x 45.9061pt.
LaTeX Font Info:    External font `lmex10' loaded for size
(Font)              <5> on input line 14.
LaTeX Font Info:    External font `lmex10' loaded for size
(Font)              <17.28> on input line 19.
LaTeX Font Info:    External font `lmex10' loaded for size
(Font)              <12> on input line 19.
 [1

{C:/Users/alecn/AppData/Local/MiKTeX/fonts/map/pdftex/pdftex.map}{C:/Users/alec
n/AppData/Local/Programs/MiKTeX/fonts/enc/dvips/lm/lm-ec.enc} <./src/img/brandi
ng/upb.png> <./src/img/branding/cs.png>]) (src/base/synopsis.tex
pdfTeX warning (ext4): destination with the same identifier (name{page.i}) has 
been already used, duplicate ignored
<to be read again> 
                   \relax 
l.35 \clearpage
                [1{C:/Users/alecn/AppData/Local/Programs/MiKTeX/fonts/enc/dvips
/lm/lm-mathit.enc}{C:/Users/alecn/AppData/Local/Programs/MiKTeX/fonts/enc/dvips
/lm/lm-rm.enc}]) (template/contents.pages.tex (thesis.toc [2


] [3])
\tf@toc=\write6
\openout6 = `thesis.toc'.

 [4]
(thesis.lof)
\tf@lof=\write7
\openout7 = `thesis.lof'.

 [5

] (thesis.lot)
\tf@lot=\write8
\openout8 = `thesis.lot'.

 [6

]) (thesis.nls
LaTeX Font Info:    External font `lmex10' loaded for size
(Font)              <24.88> on input line 2.
LaTeX Font Info:    External font `lmex10' loaded for size
(Font)              <20.74> on input line 2.

Underfull \hbox (badness 10000) detected at line 4
[]\T1/lmr/m/n/10 API:[]
 []


Underfull \hbox (badness 10000) detected at line 5
[]\T1/lmr/m/n/10 CSV:[]
 []


Underfull \hbox (badness 10000) detected at line 7
[]\T1/lmr/m/n/10 KNN:[]
 []


Underfull \hbox (badness 10000) detected at line 8
[]\T1/lmr/m/n/10 MAE:[]
 []


Underfull \hbox (badness 10000) detected at line 9
[]\T1/lmr/m/n/10 ML:[]
 []


Underfull \hbox (badness 10000) detected at line 11
[]\T1/lmr/m/n/10 SVR:[]
 []

) [7

] (src/main.tex
\openout2 = `src/chapters/intro.aux'.

 (src/chapters/intro.tex
Capitolul 1.
[1


]
LaTeX Font Info:    Trying to load font information for TS1+lmr on input line 3
7.
 (C:\Users\alecn\AppData\Local\Programs\MiKTeX\tex/latex/lm\ts1lmr.fd
File: ts1lmr.fd 2015/05/01 v1.6.1 Font defs for Latin Modern
)
[2{C:/Users/alecn/AppData/Local/Programs/MiKTeX/fonts/enc/dvips/lm/lm-ts1.enc}]
<src/img/carvaluator/application_flow.png, id=609, 787.3415pt x 231.264pt>
File: src/img/carvaluator/application_flow.png Graphic file (type png)
<use src/img/carvaluator/application_flow.png>
Package pdftex.def Info: src/img/carvaluator/application_flow.png  used on inpu
t line 58.
(pdftex.def)             Requested size: 379.559pt x 111.48889pt.
[3 <./src/img/carvaluator/application_flow.png>]) [4]
\openout2 = `src/chapters/requirements.aux'.


(src/chapters/requirements.tex
Capitolul 2.
[5




] [6] [7]
LaTeX Font Info:    Trying to load font information for T1+pcr on input line 66
.

(C:\Users\alecn\AppData\Local\Programs\MiKTeX\tex/latex/psnfss\t1pcr.fd
File: t1pcr.fd 2001/06/04 font definitions for T1/pcr.
))
[8{C:/Users/alecn/AppData/Local/Programs/MiKTeX/fonts/enc/dvips/base/8r.enc}]
\openout2 = `src/chapters/market_study.aux'.


(src/chapters/market_study.tex
Capitolul 3.
[9




]
Underfull \hbox (badness 10000) in paragraph at lines 46--46
[]\T1/lmr/m/n/10 Date in-terne mo-
 []


Underfull \hbox (badness 1303) in paragraph at lines 46--47
[]\T1/lmr/m/n/10 Date pu-blice co-lec-
 []


Underfull \hbox (badness 4913) in paragraph at lines 47--48
[]\T1/lmr/m/n/10 Linkuri Auto-vit []i
 []


Underfull \hbox (badness 10000) in paragraph at lines 48--48
[]\T1/lmr/m/n/10 Compara[]ie cu
 []


Underfull \hbox (badness 10000) in paragraph at lines 48--48
\T1/lmr/m/n/10 anun[]uri si-mi-lare
 []


Underfull \hbox (badness 4036) in paragraph at lines 48--49
[]\T1/lmr/m/n/10 Modele ML an-tre-
 []


Underfull \hbox (badness 10000) in paragraph at lines 50--50
[]\T1/lmr/m/n/10 Transparen[]  în
 []


Underfull \hbox (badness 10000) in paragraph at lines 50--51
\T1/lmr/m/n/10 me-die pon-de-rat ,
 []

[10]) [11] (src/chapters/background.tex
LaTeX Font Info:    External font `lmex10' loaded for size
(Font)              <8> on input line 6.
LaTeX Font Info:    External font `lmex10' loaded for size
(Font)              <6> on input line 6.
 [12


] [13{C:/Users/alecn/AppData/Local/Programs/MiKTeX/fonts/enc/dvips/lm/lm-mathsy
.enc}]) [14] [15]
\openout2 = `src/chapters/application.aux'.


(src/chapters/application.tex
Capitolul 4.
[16


]
<src/img/carvaluator/system_architecture.png, id=723, 787.3415pt x 411.939pt>
File: src/img/carvaluator/system_architecture.png Graphic file (type png)
<use src/img/carvaluator/system_architecture.png>
Package pdftex.def Info: src/img/carvaluator/system_architecture.png  used on i
nput line 30.
(pdftex.def)             Requested size: 396.06514pt x 207.22612pt.
 [17 <./src/img/carvaluator/system_architecture.png>]
<src/img/carvaluator/execution_sequence.png, id=731, 1149.093pt x 628.749pt>
File: src/img/carvaluator/execution_sequence.png Graphic file (type png)
<use src/img/carvaluator/execution_sequence.png>
Package pdftex.def Info: src/img/carvaluator/execution_sequence.png  used on in
put line 51.
(pdftex.def)             Requested size: 404.3119pt x 221.2263pt.
 [18 <./src/img/carvaluator/execution_sequence.png>]
<src/img/carvaluator/route_matrix.png, id=739, 931.8815pt x 607.068pt>
File: src/img/carvaluator/route_matrix.png Graphic file (type png)
<use src/img/carvaluator/route_matrix.png>
Package pdftex.def Info: src/img/carvaluator/route_matrix.png  used on input li
ne 90.
(pdftex.def)             Requested size: 387.81207pt x 252.63252pt.
 [19]
<src/img/carvaluator/database_schema.png, id=745, 1076.823pt x 628.749pt>
File: src/img/carvaluator/database_schema.png Graphic file (type png)
<use src/img/carvaluator/database_schema.png>
Package pdftex.def Info: src/img/carvaluator/database_schema.png  used on input
 line 97.
(pdftex.def)             Requested size: 387.81207pt x 226.4358pt.
 [20 <./src/img/carvaluator/route_matrix.png> <./src/img/carvaluator/database_s
chema.png>] [21]) [22]
\openout2 = `src/chapters/implementation.aux'.


(src/chapters/implementation.tex
Capitolul 5.
(src/chapters/data_pipeline.tex
<src/img/carvaluator/dataset_sources.png, id=766, 440.847pt x 296.307pt>
File: src/img/carvaluator/dataset_sources.png Graphic file (type png)
<use src/img/carvaluator/dataset_sources.png>
Package pdftex.def Info: src/img/carvaluator/dataset_sources.png  used on input
 line 15.
(pdftex.def)             Requested size: 288.79422pt x 194.10736pt.
 [23




] [24 <./src/img/carvaluator/dataset_sources.png>]
LaTeX Font Info:    Trying to load font information for T1+lmss on input line 6
0.
 (C:\Users\alecn\AppData\Local\Programs\MiKTeX\tex/latex/lm\t1lmss.fd
File: t1lmss.fd 2015/05/01 v1.6.1 Font defs for Latin Modern
)
[25]
LaTeX Font Info:    External font `lmex10' loaded for size
(Font)              <9> on input line 76.

Underfull \hbox (badness 10000) in paragraph at lines 88--88
[]\T1/pcr/m/n/9 power_-hp\T1/lmr/m/n/9 , \T1/pcr/m/n/9 engine_-
 []


Underfull \hbox (badness 3229) in paragraph at lines 89--89
[]\T1/pcr/m/n/9 seller_-type\T1/lmr/m/n/9 , \T1/pcr/m/n/9 location_-
 []

[26]
<src/img/carvaluator/price_distribution.png, id=795, 527.571pt x 325.6165pt>
File: src/img/carvaluator/price_distribution.png Graphic file (type png)
<use src/img/carvaluator/price_distribution.png>
Package pdftex.def Info: src/img/carvaluator/price_distribution.png  used on in
put line 115.
(pdftex.def)             Requested size: 321.80017pt x 198.61583pt.
<src/img/carvaluator/price_vs_mileage.png, id=797, 527.9725pt x 340.0705pt>
File: src/img/carvaluator/price_vs_mileage.png Graphic file (type png)
<use src/img/carvaluator/price_vs_mileage.png>
Package pdftex.def Info: src/img/carvaluator/price_vs_mileage.png  used on inpu
t line 119.
(pdftex.def)             Requested size: 338.30629pt x 217.90382pt.
 [27 <./src/img/carvaluator/price_distribution.png>]
<src/img/carvaluator/median_price_by_year.png, id=804, 556.8805pt x 325.6165pt>

File: src/img/carvaluator/median_price_by_year.png Graphic file (type png)
<use src/img/carvaluator/median_price_by_year.png>
Package pdftex.def Info: src/img/carvaluator/median_price_by_year.png  used on 
input line 123.
(pdftex.def)             Requested size: 338.30629pt x 197.81093pt.
<src/img/carvaluator/top_makes.png, id=806, 527.1695pt x 354.5245pt>
File: src/img/carvaluator/top_makes.png Graphic file (type png)
<use src/img/carvaluator/top_makes.png>
Package pdftex.def Info: src/img/carvaluator/top_makes.png  used on input line 
127.
(pdftex.def)             Requested size: 338.30629pt x 227.51701pt.
 [28 <./src/img/carvaluator/price_vs_mileage.png> <./src/img/carvaluator/median
_price_by_year.png>])
(src/chapters/models.tex [29 <./src/img/carvaluator/top_makes.png>]
<src/img/carvaluator/feature_significance_top.png, id=820, 556.0775pt x 368.978
5pt>
File: src/img/carvaluator/feature_significance_top.png Graphic file (type png)
<use src/img/carvaluator/feature_significance_top.png>
Package pdftex.def Info: src/img/carvaluator/feature_significance_top.png  used
 on input line 38.
(pdftex.def)             Requested size: 363.05919pt x 240.90854pt.
 [30]
Underfull \hbox (badness 1616) in paragraph at lines 50--51
[]\T1/pcr/m/n/10 make\T1/lmr/m/n/10 , \T1/pcr/m/n/10 model\T1/lmr/m/n/10 , \T1/
pcr/m/n/10 make_-model\T1/lmr/m/n/10 , \T1/pcr/m/n/10 version\T1/lmr/m/n/10 , \
T1/pcr/m/n/10 seller_-type\T1/lmr/m/n/10 ,
 []

[31 <./src/img/carvaluator/feature_significance_top.png>] [32]
(C:\Users\alecn\AppData\Local\Programs\MiKTeX\tex/latex/listings\lstlang1.sty
File: lstlang1.sty 2025/11/14 1.11b listings language file
)
[33]) [34{C:/Users/alecn/AppData/Local/Programs/MiKTeX/fonts/enc/dvips/lm/lm-ma
thex.enc}]
(C:\Users\alecn\AppData\Local\Programs\MiKTeX\tex/latex/listings\lstlang1.sty
File: lstlang1.sty 2025/11/14 1.11b listings language file
)
[35] [36]
<src/img/carvaluator/gui_prediction.png, id=928, 1268.74pt x 722.7pt>
File: src/img/carvaluator/gui_prediction.png Graphic file (type png)
<use src/img/carvaluator/gui_prediction.png>
Package pdftex.def Info: src/img/carvaluator/gui_prediction.png  used on input 
line 82.
(pdftex.def)             Requested size: 404.3119pt x 230.2983pt.
 [37 <./src/img/carvaluator/gui_prediction.png>] [38]) [39]
\openout2 = `src/chapters/case_studies.aux'.


(src/chapters/case_studies.tex
Capitolul 6.
[40




] [41] [42] [43]) [44] (src/chapters/evaluation.tex
<src/img/carvaluator/model_performance.png, id=989, 556.479pt x 325.215pt>
File: src/img/carvaluator/model_performance.png Graphic file (type png)
<use src/img/carvaluator/model_performance.png>
Package pdftex.def Info: src/img/carvaluator/model_performance.png  used on inp
ut line 39.
(pdftex.def)             Requested size: 338.30629pt x 197.71094pt.
 [45


]
<src/img/carvaluator/model_mae_r2.png, id=994, 658.0585pt x 310.761pt>
File: src/img/carvaluator/model_mae_r2.png Graphic file (type png)
<use src/img/carvaluator/model_mae_r2.png>
Package pdftex.def Info: src/img/carvaluator/model_mae_r2.png  used on input li
ne 41.
(pdftex.def)             Requested size: 363.05919pt x 171.4549pt.
<src/img/carvaluator/actual_vs_predicted.png, id=996, 411.5375pt x 397.8865pt>
File: src/img/carvaluator/actual_vs_predicted.png Graphic file (type png)
<use src/img/carvaluator/actual_vs_predicted.png>
Package pdftex.def Info: src/img/carvaluator/actual_vs_predicted.png  used on i
nput line 50.
(pdftex.def)             Requested size: 338.30629pt x 327.08258pt.
 [46 <./src/img/carvaluator/model_performance.png> <./src/img/carvaluator/model
_mae_r2.png>]
<src/img/carvaluator/residual_analysis.png, id=1004, 670.9065pt x 296.7085pt>
File: src/img/carvaluator/residual_analysis.png Graphic file (type png)
<use src/img/carvaluator/residual_analysis.png>
Package pdftex.def Info: src/img/carvaluator/residual_analysis.png  used on inp
ut line 54.
(pdftex.def)             Requested size: 371.30595pt x 164.21336pt.

[47 <./src/img/carvaluator/actual_vs_predicted.png> <./src/img/carvaluator/resi
dual_analysis.png>]
<src/img/carvaluator/correlation_heatmap.png, id=1013, 493.845pt x 411.5375pt>
File: src/img/carvaluator/correlation_heatmap.png Graphic file (type png)
<use src/img/carvaluator/correlation_heatmap.png>
Package pdftex.def Info: src/img/carvaluator/correlation_heatmap.png  used on i
nput line 61.
(pdftex.def)             Requested size: 338.30629pt x 281.92033pt.
 [48 <./src/img/carvaluator/correlation_heatmap.png>]
Underfull \hbox (badness 4454) in paragraph at lines 89--89
[]\T1/lmr/m/n/8 Volkswagen To-u-a-reg 3.0
 []

[49]) [50]
\openout2 = `src/chapters/conclusions.aux'.

 (src/chapters/conclusions.tex
Capitolul 7.

Underfull \hbox (badness 10000) in paragraph at lines 24--24
[]\T1/lmr/m/n/10 Supra-reprezentarea unor
 []

[51


] [52] [53]) [54]) (src/appendix/index.tex (src/appendix/project_usage.tex
Anexa A.
(C:\Users\alecn\AppData\Local\Programs\MiKTeX\tex/latex/listings\lstlang1.sty
File: lstlang1.sty 2025/11/14 1.11b listings language file
)
(C:\Users\alecn\AppData\Local\Programs\MiKTeX\tex/latex/listings\lstlang1.sty
File: lstlang1.sty 2025/11/14 1.11b listings language file
)
[55



] [56] [57])) (thesis.bbl [58]
Underfull \hbox (badness 3536) in paragraph at lines 64--68
[]\T1/lmr/m/n/10 mobile.de.  In-si-ghts api do-cu-men-ta-tion.  [][]$\T1/lmss/m
/n/10 https : / / services . sandbox . mobile . de / docs /
 []

[59

]
Underfull \hbox (badness 10000) in paragraph at lines 98--104
[]\T1/lmr/m/n/10 Revista Biz.  Cre[]tere a pie[]ei auto în 2024. cele mai vân-d
ute
 []


Underfull \hbox (badness 10000) in paragraph at lines 98--104
\T1/lmr/m/n/10 m rci de ma[]ini noi []i se-cond hand.  [][]$\T1/lmss/m/n/10 htt
ps : / / www . revistabiz . ro /
 []

) (thesis.ind) [60] (thesis.aux (src/chapters/intro.aux)
(src/chapters/requirements.aux) (src/chapters/market_study.aux)
(src/chapters/application.aux) (src/chapters/implementation.aux)
(src/chapters/case_studies.aux) (src/chapters/conclusions.aux))
 ***********
LaTeX2e <2025-11-01>
L3 programming layer <2025-12-24>
 ***********
Package rerunfilecheck Info: File `thesis.out' has not changed.
(rerunfilecheck)             Checksum: 0AEFC794E8C8D31A1C8CF91E15FBDFA1;20620.
 ) 
Here is how much of TeX's memory you used:
 18333 strings out of 467871
 313273 string characters out of 5418377
 1063964 words of memory out of 5000000
 46430 multiletter control sequences out of 15000+600000
 734593 words of font info for 103 fonts, out of 8000000 for 9000
 1141 hyphenation exceptions out of 8191
 125i,18n,147p,1207b,2116s stack positions out of 10000i,1000n,20000p,200000b,200000s
<C:/Users/alecn/AppData/Local/Programs/MiKTeX/fonts/type1/public/lm/lmbx10.pf
b><C:/Users/alecn/AppData/Local/Programs/MiKTeX/fonts/type1/public/lm/lmbx12.pf
b><C:/Users/alecn/AppData/Local/Programs/MiKTeX/fonts/type1/public/lm/lmbx5.pfb
><C:/Users/alecn/AppData/Local/Programs/MiKTeX/fonts/type1/public/lm/lmbx6.pfb>
<C:/Users/alecn/AppData/Local/Programs/MiKTeX/fonts/type1/public/lm/lmbx7.pfb><
C:/Users/alecn/AppData/Local/Programs/MiKTeX/fonts/type1/public/lm/lmex10.pfb><
C:/Users/alecn/AppData/Local/Programs/MiKTeX/fonts/type1/public/lm/lmmi10.pfb><
C:/Users/alecn/AppData/Local/Programs/MiKTeX/fonts/type1/public/lm/lmmi7.pfb><C
:/Users/alecn/AppData/Local/Programs/MiKTeX/fonts/type1/public/lm/lmr10.pfb><C:
/Users/alecn/AppData/Local/Programs/MiKTeX/fonts/type1/public/lm/lmr12.pfb><C:/
Users/alecn/AppData/Local/Programs/MiKTeX/fonts/type1/public/lm/lmr17.pfb><C:/U
sers/alecn/AppData/Local/Programs/MiKTeX/fonts/type1/public/lm/lmr5.pfb><C:/Use
rs/alecn/AppData/Local/Programs/MiKTeX/fonts/type1/public/lm/lmr7.pfb><C:/Users
/alecn/AppData/Local/Programs/MiKTeX/fonts/type1/public/lm/lmr8.pfb><C:/Users/a
lecn/AppData/Local/Programs/MiKTeX/fonts/type1/public/lm/lmr9.pfb><C:/Users/ale
cn/AppData/Local/Programs/MiKTeX/fonts/type1/public/lm/lmri10.pfb><C:/Users/ale
cn/AppData/Local/Programs/MiKTeX/fonts/type1/public/lm/lmss10.pfb><C:/Users/ale
cn/AppData/Local/Programs/MiKTeX/fonts/type1/public/lm/lmsy10.pfb><C:/Users/ale
cn/AppData/Local/Programs/MiKTeX/fonts/type1/urw/courier/ucrb8a.pfb><C:/Users/a
lecn/AppData/Local/Programs/MiKTeX/fonts/type1/urw/courier/ucrr8a.pfb>
Output written on thesis.pdf (68 pages, 2214498 bytes).
PDF statistics:
 1313 PDF objects out of 1440 (max. 8388607)
 358 named destinations out of 1000 (max. 500000)
 872 words of extra memory for PDF output out of 10000 (max. 10000000)

