\BOOKMARK [0][-]{Doc-Start}{\376\377\000S\000i\000n\000o\000p\000s\000i\000s\000\040\000/\000\040\000A\000b\000s\000t\000r\000a\000c\000t}{}% 1
\BOOKMARK [0][-]{chapter.1}{\376\377\0001\000\040\000I\000n\000t\000r\000o\000d\000u\000c\000e\000r\000e}{}% 2
\BOOKMARK [1][-]{section.1.1}{\376\377\0001\000.\0001\000\040\000C\000o\000n\000t\000e\000x\000t\000u\000l\000\040\000p\000r\000o\000b\000l\000e\000m\000e\000i}{chapter.1}% 3
\BOOKMARK [1][-]{section.1.2}{\376\377\0001\000.\0002\000\040\000M\000o\000t\000i\000v\000a\002\033\000i\000a\000\040\000p\000r\000o\000i\000e\000c\000t\000u\000l\000u\000i}{chapter.1}% 4
\BOOKMARK [1][-]{section.1.3}{\376\377\0001\000.\0003\000\040\000O\000b\000i\000e\000c\000t\000i\000v\000e\000l\000e\000\040\000l\000u\000c\000r\001\003\000r\000i\000i}{chapter.1}% 5
\BOOKMARK [1][-]{section.1.4}{\376\377\0001\000.\0004\000\040\000M\000e\000t\000o\000d\000o\000l\000o\000g\000i\000e\000\040\000g\000e\000n\000e\000r\000a\000l\001\003}{chapter.1}% 6
\BOOKMARK [1][-]{section.1.5}{\376\377\0001\000.\0005\000\040\000C\000o\000n\000t\000r\000i\000b\000u\002\033\000i\000i}{chapter.1}% 7
\BOOKMARK [1][-]{section.1.6}{\376\377\0001\000.\0006\000\040\000S\000t\000r\000u\000c\000t\000u\000r\000a\000\040\000l\000u\000c\000r\001\003\000r\000i\000i}{chapter.1}% 8
\BOOKMARK [0][-]{chapter.2}{\376\377\0002\000\040\000A\000n\000a\000l\000i\000z\000a\000\040\002\031\000i\000\040\000s\000p\000e\000c\000i\000f\000i\000c\000a\000r\000e\000a\000\040\000c\000e\000r\000i\000n\002\033\000e\000l\000o\000r}{}% 9
\BOOKMARK [1][-]{section.2.1}{\376\377\0002\000.\0001\000\040\000P\000r\000o\000f\000i\000l\000u\000l\000\040\000u\000t\000i\000l\000i\000z\000a\000t\000o\000r\000i\000l\000o\000r}{chapter.2}% 10
\BOOKMARK [1][-]{section.2.2}{\376\377\0002\000.\0002\000\040\000N\000e\000v\000o\000i\000\040\000i\000d\000e\000n\000t\000i\000f\000i\000c\000a\000t\000e}{chapter.2}% 11
\BOOKMARK [1][-]{section.2.3}{\376\377\0002\000.\0003\000\040\000C\000e\000r\000i\000n\002\033\000e\000\040\000f\000u\000n\000c\002\033\000i\000o\000n\000a\000l\000e}{chapter.2}% 12
\BOOKMARK [1][-]{section.2.4}{\376\377\0002\000.\0004\000\040\000C\000e\000r\000i\000n\002\033\000e\000\040\000n\000e\000f\000u\000n\000c\002\033\000i\000o\000n\000a\000l\000e}{chapter.2}% 13
\BOOKMARK [1][-]{section.2.5}{\376\377\0002\000.\0005\000\040\000C\000r\000i\000t\000e\000r\000i\000i\000\040\000d\000e\000\040\000a\000c\000c\000e\000p\000t\000a\000r\000e}{chapter.2}% 14
\BOOKMARK [0][-]{chapter.3}{\376\377\0003\000\040\000S\000t\000u\000d\000i\000u\000\040\000d\000e\000\040\000p\000i\000a\002\033\001\003\000\040\002\031\000i\000\040\000f\000u\000n\000d\000a\000m\000e\000n\000t\000a\000r\000e}{}% 15
\BOOKMARK [1][-]{section.3.1}{\376\377\0003\000.\0001\000\040\000E\000v\000o\000l\000u\002\033\000i\000a\000\040\000p\000i\000e\002\033\000e\000i\000\040\000s\000e\000c\000o\000n\000d\000-\000h\000a\000n\000d}{chapter.3}% 16
\BOOKMARK [1][-]{section.3.2}{\376\377\0003\000.\0002\000\040\000A\000u\000t\000o\000v\000i\000t}{chapter.3}% 17
\BOOKMARK [1][-]{section.3.3}{\376\377\0003\000.\0003\000\040\000m\000o\000b\000i\000l\000e\000.\000d\000e}{chapter.3}% 18
\BOOKMARK [1][-]{section.3.4}{\376\377\0003\000.\0004\000\040\000P\000o\000z\000i\002\033\000i\000o\000n\000a\000r\000e\000a\000\040\000s\000o\000l\000u\002\033\000i\000e\000i\000\040\000p\000r\000o\000p\000u\000s\000e}{chapter.3}% 19
\BOOKMARK [1][-]{section.3.5}{\376\377\0003\000.\0005\000\040\000R\000i\000s\000c\000u\000r\000i\000\040\002\031\000i\000\040\000l\000i\000m\000i\000t\000e\000\040\000a\000l\000e\000\040\000c\000o\000m\000p\000a\000r\000a\002\033\000i\000e\000i}{chapter.3}% 20
\BOOKMARK [1][-]{section.3.6}{\376\377\0003\000.\0006\000\040\000F\000u\000n\000d\000a\000m\000e\000n\000t\000a\000r\000e\000\040\000t\000e\000o\000r\000e\000t\000i\000c\001\003\000\040\002\031\000i\000\040\000l\000u\000c\000r\001\003\000r\000i\000\040\000c\000o\000n\000e\000x\000e}{chapter.3}% 21
\BOOKMARK [2][-]{subsection.3.6.1}{\376\377\0003\000.\0006\000.\0001\000\040\000E\000v\000a\000l\000u\000a\000r\000e\000a\000\040\000p\000r\000e\002\033\000u\000r\000i\000l\000o\000r\000\040\000c\000a\000\040\000p\000r\000o\000b\000l\000e\000m\001\003\000\040\000d\000e\000\040\000r\000e\000g\000r\000e\000s\000i\000e}{section.3.6}% 22
\BOOKMARK [2][-]{subsection.3.6.2}{\376\377\0003\000.\0006\000.\0002\000\040\000M\000o\000d\000e\000l\000e\000\040\000f\000o\000l\000o\000s\000i\000t\000e}{section.3.6}% 23
\BOOKMARK [2][-]{subsection.3.6.3}{\376\377\0003\000.\0006\000.\0003\000\040\000T\000r\000a\000n\000s\000f\000o\000r\000m\000a\000r\000e\000a\000\040\000l\000o\000g\000a\000r\000i\000t\000m\000i\000c\001\003\000\040\000a\000\040\000p\000r\000e\002\033\000u\000l\000u\000i}{section.3.6}% 24
\BOOKMARK [2][-]{subsection.3.6.4}{\376\377\0003\000.\0006\000.\0004\000\040\000S\000e\000l\000e\000c\002\033\000i\000a\000\040\000c\000a\000r\000a\000c\000t\000e\000r\000i\000s\000t\000i\000c\000i\000l\000o\000r}{section.3.6}% 25
\BOOKMARK [2][-]{subsection.3.6.5}{\376\377\0003\000.\0006\000.\0005\000\040\000M\000e\000t\000r\000i\000c\000i\000\040\000d\000e\000\040\000e\000v\000a\000l\000u\000a\000r\000e}{section.3.6}% 26
\BOOKMARK [2][-]{subsection.3.6.6}{\376\377\0003\000.\0006\000.\0006\000\040\000W\000e\000b\000\040\000s\000c\000r\000a\000p\000i\000n\000g\000\040\002\031\000i\000\040\000c\000o\000n\000s\000i\000d\000e\000r\000a\002\033\000i\000i\000\040\000e\000t\000i\000c\000e}{section.3.6}% 27
\BOOKMARK [2][-]{subsection.3.6.7}{\376\377\0003\000.\0006\000.\0007\000\040\000C\000o\000n\000t\000e\000x\000t\000\040\000t\000e\000h\000n\000o\000l\000o\000g\000i\000c\000\040\002\031\000i\000\040\000a\000l\000e\000g\000e\000r\000e\000a\000\040\000p\000l\000a\000t\000f\000o\000r\000m\000e\000i\000\040\000d\000e\000\040\000d\000e\000p\000l\000o\000y\000m\000e\000n\000t}{section.3.6}% 28
\BOOKMARK [0][-]{chapter.4}{\376\377\0004\000\040\000P\000r\000o\000i\000e\000c\000t\000a\000r\000e\000a\000\040\000a\000p\000l\000i\000c\000a\002\033\000i\000e\000i}{}% 29
\BOOKMARK [1][-]{section.4.1}{\376\377\0004\000.\0001\000\040\000O\000b\000i\000e\000c\000t\000i\000v\000e\000\040\000d\000e\000\040\000p\000r\000o\000i\000e\000c\000t\000a\000r\000e}{chapter.4}% 30
\BOOKMARK [1][-]{section.4.2}{\376\377\0004\000.\0002\000\040\000A\000r\000h\000i\000t\000e\000c\000t\000u\000r\000a\000\040\000m\000o\000d\000u\000l\000a\000r\001\003}{chapter.4}% 31
\BOOKMARK [1][-]{section.4.3}{\376\377\0004\000.\0003\000\040\000C\000a\000z\000u\000r\000i\000\040\000d\000e\000\040\000u\000t\000i\000l\000i\000z\000a\000r\000e}{chapter.4}% 32
\BOOKMARK [1][-]{section.4.4}{\376\377\0004\000.\0004\000\040\000F\000l\000u\000x\000u\000l\000\040\000d\000e\000\040\000e\000x\000e\000c\000u\002\033\000i\000e\000\040\000a\000l\000\040\000u\000n\000e\000i\000\040\000p\000r\000e\000d\000i\000c\002\033\000i\000i}{chapter.4}% 33
\BOOKMARK [1][-]{section.4.5}{\376\377\0004\000.\0005\000\040\000P\000r\000o\000i\000e\000c\000t\000a\000r\000e\000a\000\040\000A\000P\000I\000-\000u\000l\000u\000i}{chapter.4}% 34
\BOOKMARK [1][-]{section.4.6}{\376\377\0004\000.\0006\000\040\000P\000r\000o\000i\000e\000c\000t\000a\000r\000e\000a\000\040\000n\000a\000v\000i\000g\001\003\000r\000i\000i}{chapter.4}% 35
\BOOKMARK [1][-]{section.4.7}{\376\377\0004\000.\0007\000\040\000P\000r\000o\000i\000e\000c\000t\000a\000r\000e\000a\000\040\000b\000a\000z\000e\000i\000\040\000d\000e\000\040\000d\000a\000t\000e}{chapter.4}% 36
\BOOKMARK [1][-]{section.4.8}{\376\377\0004\000.\0008\000\040\000P\000r\000o\000i\000e\000c\000t\000a\000r\000e\000a\000\040\000p\000e\000n\000t\000r\000u\000\040\000s\000e\000c\000u\000r\000i\000t\000a\000t\000e\000\040\002\031\000i\000\040\000d\000e\000f\000e\000c\000t\000e}{chapter.4}% 37
\BOOKMARK [1][-]{section.4.9}{\376\377\0004\000.\0009\000\040\000D\000e\000c\000i\000z\000i\000i\000\040\000d\000e\000\040\000d\000e\000p\000l\000o\000y\000m\000e\000n\000t}{chapter.4}% 38
\BOOKMARK [0][-]{chapter.5}{\376\377\0005\000\040\000I\000m\000p\000l\000e\000m\000e\000n\000t\000a\000r\000e\000a\000\040\000a\000p\000l\000i\000c\000a\002\033\000i\000e\000i}{}% 39
\BOOKMARK [1][-]{section.5.1}{\376\377\0005\000.\0001\000\040\000C\000o\000l\000e\000c\000t\000a\000r\000e\000a\000\040\002\031\000i\000\040\000p\000r\000e\000g\001\003\000t\000i\000r\000e\000a\000\040\000d\000a\000t\000e\000l\000o\000r}{chapter.5}% 40
\BOOKMARK [2][-]{subsection.5.1.1}{\376\377\0005\000.\0001\000.\0001\000\040\000S\000u\000r\000s\000e\000l\000e\000\040\000d\000e\000\040\000d\000a\000t\000e}{section.5.1}% 41
\BOOKMARK [2][-]{subsection.5.1.2}{\376\377\0005\000.\0001\000.\0002\000\040\000S\000c\000r\000a\000p\000i\000n\000g\000\040\000p\000e\000n\000t\000r\000u\000\040\000A\000u\000t\000o\000v\000i\000t}{section.5.1}% 42
\BOOKMARK [2][-]{subsection.5.1.3}{\376\377\0005\000.\0001\000.\0003\000\040\000S\000c\000r\000a\000p\000i\000n\000g\000\040\000p\000e\000n\000t\000r\000u\000\040\000m\000o\000b\000i\000l\000e\000.\000d\000e}{section.5.1}% 43
\BOOKMARK [2][-]{subsection.5.1.4}{\376\377\0005\000.\0001\000.\0004\000\040\000S\000c\000h\000e\000m\000a\000\040\000d\000a\000t\000e\000l\000o\000r\000\040\000b\000r\000u\000t\000e}{section.5.1}% 44
\BOOKMARK [2][-]{subsection.5.1.5}{\376\377\0005\000.\0001\000.\0005\000\040\000N\000o\000r\000m\000a\000l\000i\000z\000a\000r\000e}{section.5.1}% 45
\BOOKMARK [2][-]{subsection.5.1.6}{\376\377\0005\000.\0001\000.\0006\000\040\000D\000e\000d\000u\000p\000l\000i\000c\000a\000r\000e}{section.5.1}% 46
\BOOKMARK [2][-]{subsection.5.1.7}{\376\377\0005\000.\0001\000.\0007\000\040\000A\000n\000a\000l\000i\000z\000a\000\040\000e\000x\000p\000l\000o\000r\000a\000t\000o\000r\000i\000e}{section.5.1}% 47
\BOOKMARK [2][-]{subsection.5.1.8}{\376\377\0005\000.\0001\000.\0008\000\040\000P\000r\000e\000g\001\003\000t\000i\000r\000e\000a\000\040\000p\000e\000n\000t\000r\000u\000\040\000a\000n\000t\000r\000e\000n\000a\000r\000e}{section.5.1}% 48
\BOOKMARK [1][-]{section.5.2}{\376\377\0005\000.\0002\000\040\000M\000o\000d\000e\000l\000a\000r\000e\000\040\002\031\000i\000\040\000s\000e\000l\000e\000c\002\033\000i\000a\000\040\000c\000a\000r\000a\000c\000t\000e\000r\000i\000s\000t\000i\000c\000i\000l\000o\000r}{chapter.5}% 49
\BOOKMARK [2][-]{subsection.5.2.1}{\376\377\0005\000.\0002\000.\0001\000\040\000C\000a\000r\000a\000c\000t\000e\000r\000i\000s\000t\000i\000c\000i\000\040\000d\000e\000r\000i\000v\000a\000t\000e}{section.5.2}% 50
\BOOKMARK [2][-]{subsection.5.2.2}{\376\377\0005\000.\0002\000.\0002\000\040\000S\000e\000l\000e\000c\002\033\000i\000a\000\040\000s\000t\000a\000t\000i\000s\000t\000i\000c\001\003}{section.5.2}% 51
\BOOKMARK [2][-]{subsection.5.2.3}{\376\377\0005\000.\0002\000.\0003\000\040\000P\000r\000e\000p\000r\000o\000c\000e\000s\000a\000r\000e}{section.5.2}% 52
\BOOKMARK [2][-]{subsection.5.2.4}{\376\377\0005\000.\0002\000.\0004\000\040\000M\000o\000d\000e\000l\000e\000\040\000c\000a\000n\000d\000i\000d\000a\000t\000e\000\040\002\031\000i\000\040\000m\000o\000t\000i\000v\000a\000r\000e\000a\000\040\000a\000l\000e\000g\000e\000r\000i\000i}{section.5.2}% 53
\BOOKMARK [2][-]{subsection.5.2.5}{\376\377\0005\000.\0002\000.\0005\000\040\000A\000n\000t\000r\000e\000n\000a\000r\000e\000a\000\040\000p\000e\000\040\000l\000o\000g\000-\000p\000r\000e\002\033}{section.5.2}% 54
\BOOKMARK [2][-]{subsection.5.2.6}{\376\377\0005\000.\0002\000.\0006\000\040\000P\000r\000e\000d\000i\000c\002\033\000i\000a\000\040\000f\000i\000n\000a\000l\001\003\000\040\000p\000r\000i\000n\000\040\000m\000e\000d\000i\000e\000\040\000p\000o\000n\000d\000e\000r\000a\000t\001\003}{section.5.2}% 55
\BOOKMARK [2][-]{subsection.5.2.7}{\376\377\0005\000.\0002\000.\0007\000\040\000V\000e\000r\000d\000i\000c\000t\000u\000l}{section.5.2}% 56
\BOOKMARK [1][-]{section.5.3}{\376\377\0005\000.\0003\000\040\000I\000m\000p\000l\000e\000m\000e\000n\000t\000a\000r\000e\000a\000\040\000b\000a\000c\000k\000e\000n\000d\000-\000u\000l\000u\000i}{chapter.5}% 57
\BOOKMARK [1][-]{section.5.4}{\376\377\0005\000.\0004\000\040\000I\000m\000p\000l\000e\000m\000e\000n\000t\000a\000r\000e\000a\000\040\000f\000r\000o\000n\000t\000e\000n\000d\000-\000u\000l\000u\000i}{chapter.5}% 58
\BOOKMARK [1][-]{section.5.5}{\376\377\0005\000.\0005\000\040\000I\000m\000p\000l\000e\000m\000e\000n\000t\000a\000r\000e\000a\000\040\000a\000u\000t\000e\000n\000t\000i\000f\000i\000c\001\003\000r\000i\000i\000\040\002\031\000i\000\040\000s\000e\000c\000u\000r\000i\000t\001\003\002\033\000i\000i}{chapter.5}% 59
\BOOKMARK [2][-]{subsection.5.5.1}{\376\377\0005\000.\0005\000.\0001\000\040\000L\000i\000m\000i\000t\000a\000r\000e\000a\000\040\000r\000a\000t\000e\000i\000\040\000c\000e\000r\000e\000r\000i\000l\000o\000r}{section.5.5}% 60
\BOOKMARK [1][-]{section.5.6}{\376\377\0005\000.\0006\000\040\000I\000m\000p\000l\000e\000m\000e\000n\000t\000a\000r\000e\000a\000\040\000s\000i\000m\000i\000l\000a\000r\000i\000t\001\003\002\033\000i\000i}{chapter.5}% 61
\BOOKMARK [1][-]{section.5.7}{\376\377\0005\000.\0007\000\040\000A\000r\000t\000e\000f\000a\000c\000t\000e\000\040\002\031\000i\000\040\000d\000e\000p\000l\000o\000y\000m\000e\000n\000t\000\040\000p\000e\000\040\000R\000e\000n\000d\000e\000r}{chapter.5}% 62
\BOOKMARK [0][-]{chapter.6}{\376\377\0006\000\040\000T\000e\000s\000t\000a\000r\000e\000a\000\040\000a\000p\000l\000i\000c\000a\002\033\000i\000e\000i\000\040\002\031\000i\000\040\000r\000e\000z\000u\000l\000t\000a\000t\000e}{}% 63
\BOOKMARK [1][-]{section.6.1}{\376\377\0006\000.\0001\000\040\000R\000o\000l\000u\000l\000\040\000s\000t\000u\000d\000i\000i\000l\000o\000r\000\040\000d\000e\000\040\000c\000a\000z}{chapter.6}% 64
\BOOKMARK [1][-]{section.6.2}{\376\377\0006\000.\0002\000\040\000S\000c\000e\000n\000a\000r\000i\000u\000\040\000A\000u\000t\000o\000v\000i\000t\000\040\000c\000u\000\040\000m\000a\002\031\000i\000n\001\003\000\040\000c\000o\000m\000u\000n\001\003}{chapter.6}% 65
\BOOKMARK [1][-]{section.6.3}{\376\377\0006\000.\0003\000\040\000S\000c\000e\000n\000a\000r\000i\000u\000\040\000A\000u\000t\000o\000v\000i\000t\000\040\000c\000u\000\040\000m\000a\002\031\000i\000n\001\003\000\040\000p\000r\000e\000m\000i\000u\000m}{chapter.6}% 66
\BOOKMARK [1][-]{section.6.4}{\376\377\0006\000.\0004\000\040\000S\000c\000e\000n\000a\000r\000i\000u\000\040\000m\000o\000b\000i\000l\000e\000.\000d\000e}{chapter.6}% 67
\BOOKMARK [1][-]{section.6.5}{\376\377\0006\000.\0005\000\040\000S\000c\000e\000n\000a\000r\000i\000u\000\040\000d\000e\000\040\000i\000s\000t\000o\000r\000i\000c\000\040\000p\000e\000\040\000c\000o\000n\000t}{chapter.6}% 68
\BOOKMARK [1][-]{section.6.6}{\376\377\0006\000.\0006\000\040\000S\000c\000e\000n\000a\000r\000i\000u\000\040\000d\000e\000\040\000d\000e\000p\000l\000o\000y\000m\000e\000n\000t}{chapter.6}% 69
\BOOKMARK [1][-]{section.6.7}{\376\377\0006\000.\0007\000\040\000T\000e\000s\000t\000a\000r\000e\000a\000\040\000l\000i\000m\000i\000t\001\003\000r\000i\000i\000\040\000r\000a\000t\000e\000i}{chapter.6}% 70
\BOOKMARK [1][-]{section.6.8}{\376\377\0006\000.\0008\000\040\000V\000a\000l\000i\000d\000a\000r\000e\000a\000\040\000m\000e\000s\000a\000j\000e\000l\000o\000r\000\040\000d\000e\000\040\000e\000r\000o\000a\000r\000e}{chapter.6}% 71
\BOOKMARK [1][-]{section.6.9}{\376\377\0006\000.\0009\000\040\000O\000b\000s\000e\000r\000v\000a\002\033\000i\000i\000\040\000d\000i\000n\000\040\000t\000e\000s\000t\000a\000r\000e}{chapter.6}% 72
\BOOKMARK [1][-]{section.6.10}{\376\377\0006\000.\0001\0000\000\040\000C\000o\000n\000c\000l\000u\000z\000i\000i\000l\000e\000\040\000s\000t\000u\000d\000i\000i\000l\000o\000r\000\040\000d\000e\000\040\000c\000a\000z}{chapter.6}% 73
\BOOKMARK [1][-]{section.6.11}{\376\377\0006\000.\0001\0001\000\040\000E\000v\000a\000l\000u\000a\000r\000e\000\040\000e\000x\000p\000e\000r\000i\000m\000e\000n\000t\000a\000l\001\003}{chapter.6}% 74
\BOOKMARK [2][-]{subsection.6.11.1}{\376\377\0006\000.\0001\0001\000.\0001\000\040\000C\000o\000n\000f\000i\000g\000u\000r\000a\002\033\000i\000a\000\040\000e\000x\000p\000e\000r\000i\000m\000e\000n\000t\000u\000l\000u\000i}{section.6.11}% 75
\BOOKMARK [2][-]{subsection.6.11.2}{\376\377\0006\000.\0001\0001\000.\0002\000\040\000R\000e\000z\000u\000l\000t\000a\000t\000e\000l\000e\000\040\000m\000o\000d\000e\000l\000e\000l\000o\000r}{section.6.11}% 76
\BOOKMARK [2][-]{subsection.6.11.3}{\376\377\0006\000.\0001\0001\000.\0003\000\040\000A\000n\000a\000l\000i\000z\000a\000\040\000p\000r\000e\000d\000i\000c\002\033\000i\000i\000l\000o\000r}{section.6.11}% 77
\BOOKMARK [2][-]{subsection.6.11.4}{\376\377\0006\000.\0001\0001\000.\0004\000\040\000C\000o\000r\000e\000l\000a\002\033\000i\000i\000\040\002\031\000i\000\040\000i\000n\000t\000e\000r\000p\000r\000e\000t\000a\000b\000i\000l\000i\000t\000a\000t\000e}{section.6.11}% 78
\BOOKMARK [2][-]{subsection.6.11.5}{\376\377\0006\000.\0001\0001\000.\0005\000\040\000T\000e\000s\000t\000a\000r\000e\000\040\000p\000r\000i\000n\000\040\000a\000p\000l\000i\000c\000a\002\033\000i\000e}{section.6.11}% 79
\BOOKMARK [2][-]{subsection.6.11.6}{\376\377\0006\000.\0001\0001\000.\0006\000\040\000C\000o\000m\000p\000a\000r\000a\002\033\000i\000e\000\040\000c\000u\000\040\000i\000n\000d\000i\000c\000a\000t\000o\000r\000i\000i\000\040\000p\000l\000a\000t\000f\000o\000r\000m\000e\000l\000o\000r}{section.6.11}% 80
\BOOKMARK [2][-]{subsection.6.11.7}{\376\377\0006\000.\0001\0001\000.\0007\000\040\000C\000a\000l\000i\000t\000a\000t\000e\000a\000\040\000s\000e\000t\000u\000l\000u\000i\000\040\000d\000e\000\040\000d\000a\000t\000e}{section.6.11}% 81
\BOOKMARK [2][-]{subsection.6.11.8}{\376\377\0006\000.\0001\0001\000.\0008\000\040\000A\000c\000u\000r\000a\000t\000e\002\033\000e\000\040\002\031\000i\000\040\000u\000t\000i\000l\000i\000t\000a\000t\000e\000\040\000p\000r\000a\000c\000t\000i\000c\001\003}{section.6.11}% 82
\BOOKMARK [2][-]{subsection.6.11.9}{\376\377\0006\000.\0001\0001\000.\0009\000\040\000R\000e\000p\000r\000o\000d\000u\000c\000t\000i\000b\000i\000l\000i\000t\000a\000t\000e}{section.6.11}% 83
\BOOKMARK [0][-]{chapter.7}{\376\377\0007\000\040\000C\000o\000n\000c\000l\000u\000z\000i\000i\000\040\002\031\000i\000\040\000d\000i\000r\000e\000c\002\033\000i\000i\000\040\000v\000i\000i\000t\000o\000a\000r\000e}{}% 84
\BOOKMARK [1][-]{section.7.1}{\376\377\0007\000.\0001\000\040\000D\000i\000f\000i\000c\000u\000l\000t\001\003\002\033\000i\000\040\000\356\000n\000t\000\342\000l\000n\000i\000t\000e}{chapter.7}% 85
\BOOKMARK [1][-]{section.7.2}{\376\377\0007\000.\0002\000\040\000L\000i\000m\000i\000t\001\003\000r\000i}{chapter.7}% 86
\BOOKMARK [1][-]{section.7.3}{\376\377\0007\000.\0003\000\040\000C\000o\000n\000c\000l\000u\000z\000i\000i}{chapter.7}% 87
\BOOKMARK [1][-]{section.7.4}{\376\377\0007\000.\0004\000\040\000D\000i\000r\000e\000c\002\033\000i\000i\000\040\000v\000i\000i\000t\000o\000a\000r\000e}{chapter.7}% 88
\BOOKMARK [1][-]{section.7.5}{\376\377\0007\000.\0005\000\040\000\316\000n\000c\000h\000e\000i\000e\000r\000e}{chapter.7}% 89
\BOOKMARK [0][-]{appendix.A}{\376\377\000A\000\040\000C\000o\000m\000e\000n\000z\000i\000\040\000u\000t\000i\000l\000e\000\040\000p\000e\000n\000t\000r\000u\000\040\000r\000e\000p\000r\000o\000d\000u\000c\000e\000r\000e\000a\000\040\000e\000x\000p\000e\000r\000i\000m\000e\000n\000t\000e\000l\000o\000r}{}% 90
\BOOKMARK [1][-]{section.A.1}{\376\377\000A\000.\0001\000\040\000P\000o\000r\000n\000i\000r\000e\000a\000\040\000m\000e\000d\000i\000u\000l\000u\000i}{appendix.A}% 91
\BOOKMARK [1][-]{section.A.2}{\376\377\000A\000.\0002\000\040\000C\000o\000l\000e\000c\000t\000a\000r\000e\000a\000\040\000d\000a\000t\000e\000l\000o\000r}{appendix.A}% 92
\BOOKMARK [1][-]{section.A.3}{\376\377\000A\000.\0003\000\040\000P\000r\000e\000g\001\003\000t\000i\000r\000e\000a\000\040\000s\000e\000t\000u\000l\000u\000i\000\040\000d\000e\000\040\000d\000a\000t\000e}{appendix.A}% 93
\BOOKMARK [1][-]{section.A.4}{\376\377\000A\000.\0004\000\040\000A\000n\000t\000r\000e\000n\000a\000r\000e\000a\000\040\000m\000o\000d\000e\000l\000e\000l\000o\000r}{appendix.A}% 94
\BOOKMARK [1][-]{section.A.5}{\376\377\000A\000.\0005\000\040\000P\000o\000r\000n\000i\000r\000e\000a\000\040\000a\000p\000l\000i\000c\000a\002\033\000i\000e\000i}{appendix.A}% 95
\BOOKMARK [1][-]{section.A.6}{\376\377\000A\000.\0006\000\040\000R\000e\000\356\000m\000p\000r\000o\000s\000p\001\003\000t\000a\000r\000e\000a\000\040\000s\000u\000g\000e\000s\000t\000i\000i\000l\000o\000r\000\040\000s\000i\000m\000i\000l\000a\000r\000e}{appendix.A}% 96
\BOOKMARK [1][-]{section.A.7}{\376\377\000A\000.\0007\000\040\000P\000r\000e\000g\001\003\000t\000i\000r\000e\000a\000\040\000p\000e\000n\000t\000r\000u\000\040\000R\000e\000n\000d\000e\000r}{appendix.A}% 97
